<?xml version="1.0" encoding="UTF-8"?>
<robot generator="Robot 3.2.2 (Python 3.8.3 on win32)" generated="20201116 12:06:07.157" rpa="false">
<suite id="s1" name="testSuite1" source="C:\Users\Home\eclipse-workspace\RobotProject1\test\testSuite1.robot">
<kw name="Log" library="BuiltIn" type="setup">
<doc>Logs the given message with the given level.</doc>
<arguments>
<arg>I am inside Test Suite Setup</arg>
</arguments>
<msg timestamp="20201116 12:06:07.395" level="INFO">I am inside Test Suite Setup</msg>
<status status="PASS" starttime="20201116 12:06:07.395" endtime="20201116 12:06:07.395"></status>
</kw>
<test id="s1-t1" name="MySecondTest">
<kw name="Log" library="BuiltIn" type="setup">
<doc>Logs the given message with the given level.</doc>
<arguments>
<arg>I am inside Test Setup</arg>
</arguments>
<msg timestamp="20201116 12:06:07.396" level="INFO">I am inside Test Setup</msg>
<status status="PASS" starttime="20201116 12:06:07.396" endtime="20201116 12:06:07.396"></status>
</kw>
<kw name="Log" library="BuiltIn">
<doc>Logs the given message with the given level.</doc>
<arguments>
<arg>I am inside 2nd Test</arg>
</arguments>
<msg timestamp="20201116 12:06:07.396" level="INFO">I am inside 2nd Test</msg>
<status status="PASS" starttime="20201116 12:06:07.396" endtime="20201116 12:06:07.396"></status>
</kw>
<kw name="Set Tags" library="BuiltIn">
<doc>Adds given ``tags`` for the current test or all tests in a suite.</doc>
<arguments>
<arg>regression1</arg>
</arguments>
<msg timestamp="20201116 12:06:07.397" level="INFO">Set tag 'regression1'.</msg>
<status status="PASS" starttime="20201116 12:06:07.397" endtime="20201116 12:06:07.397"></status>
</kw>
<kw name="Remove Tags" library="BuiltIn">
<doc>Removes given ``tags`` from the current test or all tests in a suite.</doc>
<arguments>
<arg>regression1</arg>
</arguments>
<msg timestamp="20201116 12:06:07.398" level="INFO">Removed tag 'regression1'.</msg>
<status status="PASS" starttime="20201116 12:06:07.397" endtime="20201116 12:06:07.398"></status>
</kw>
<kw name="Log" library="BuiltIn" type="teardown">
<doc>Logs the given message with the given level.</doc>
<arguments>
<arg>I am inside Test Teardown</arg>
</arguments>
<msg timestamp="20201116 12:06:07.398" level="INFO">I am inside Test Teardown</msg>
<status status="PASS" starttime="20201116 12:06:07.398" endtime="20201116 12:06:07.398"></status>
</kw>
<tags>
<tag>example</tag>
</tags>
<status status="PASS" starttime="20201116 12:06:07.395" endtime="20201116 12:06:07.399" critical="yes"></status>
</test>
<kw name="Log" library="BuiltIn" type="teardown">
<doc>Logs the given message with the given level.</doc>
<arguments>
<arg>I am inside Test Suite Teardown</arg>
</arguments>
<msg timestamp="20201116 12:06:07.400" level="INFO">I am inside Test Suite Teardown</msg>
<status status="PASS" starttime="20201116 12:06:07.400" endtime="20201116 12:06:07.400"></status>
</kw>
<status status="PASS" starttime="20201116 12:06:07.159" endtime="20201116 12:06:07.400"></status>
</suite>
<statistics>
<total>
<stat pass="1" fail="0">Critical Tests</stat>
<stat pass="1" fail="0">All Tests</stat>
</total>
<tag>
<stat pass="1" fail="0">example</stat>
</tag>
<suite>
<stat pass="1" fail="0" id="s1" name="testSuite1">testSuite1</stat>
</suite>
</statistics>
<errors>
</errors>
</robot>
